This is e-pTeX, Version 3.14159265-p3.7.1-161114-2.6 (utf8.euc) (TeX Live 2017) (preloaded format=platex 2017.12.23)  23 DEC 2017 18:52
entering extended mode
 restricted \write18 enabled.
 Source specials enabled.
 %&-line parsing enabled.
**/home/halu/LaTeX/document/2-system_inoue.tex
(/home/halu/LaTeX/document/2-system_inoue.tex
pLaTeX2e <2017/10/28>+3 (based on LaTeX2e <2017-04-15>)
Babel <3.15> and hyphenation patterns for 84 language(s) loaded.
! Undefined control sequence.
l.1 \chapter
            {提案システム}
The control sequence at the end of the top line
of your error message was never \def'ed. If you have
misspelled it (e.g., `\hobx'), type `I' and the correct
spelling (e.g., `I\hbox'). Otherwise just continue,
and I'll forget about whatever was undefined.


! LaTeX Error: Missing \begin{document}.

See the LaTeX manual or LaTeX Companion for explanation.
Type  H <return>  for immediate help.
 ...                                              
                                                  
l.1 \chapter{提
               案システム}
You're in trouble here.  Try typing  <return>  to proceed.
If that doesn't work, type  X <return>  to quit.


Overfull \hbox (29.62216pt too wide) in paragraph at lines 1--2
[][]\JY1/mc/m/n/10 提
 []


Overfull \hbox (9.62216pt too wide) in paragraph at lines 1--2
\JY1/mc/m/n/10 案
 []


Overfull \hbox (9.62216pt too wide) in paragraph at lines 1--2
\JY1/mc/m/n/10 シ
 []


Overfull \hbox (9.62216pt too wide) in paragraph at lines 1--2
\JY1/mc/m/n/10 ス
 []


Overfull \hbox (9.62216pt too wide) in paragraph at lines 1--2
\JY1/mc/m/n/10 テ
 []


Overfull \hbox (9.62216pt too wide) in paragraph at lines 1--2
\JY1/mc/m/n/10 ム 
 []


Overfull \hbox (9.62216pt too wide) in paragraph at lines 3--8
[]\JY1/mc/m/n/10 感
 []


Overfull \hbox (9.62216pt too wide) in paragraph at lines 3--8
\JY1/mc/m/n/10 性
 []


Overfull \hbox (9.62216pt too wide) in paragraph at lines 3--8
\JY1/mc/m/n/10 語
 []


Overfull \hbox (9.62216pt too wide) in paragraph at lines 3--8
\JY1/mc/m/n/10 の
 []


Overfull \hbox (9.62216pt too wide) in paragraph at lines 3--8
\JY1/mc/m/n/10 抽
 []


Overfull \hbox (9.62216pt too wide) in paragraph at lines 3--8
\JY1/mc/m/n/10 出
 []


Overfull \hbox (9.62216pt too wide) in paragraph at lines 3--8
\JY1/mc/m/n/10 ア
 []


Overfull \hbox (9.62216pt too wide) in paragraph at lines 3--8
\JY1/mc/m/n/10 イ
 []


Overfull \hbox (9.62216pt too wide) in paragraph at lines 3--8
\JY1/mc/m/n/10 テ
 []


Overfull \hbox (9.62216pt too wide) in paragraph at lines 3--8
\JY1/mc/m/n/10 ム
 []


Overfull \hbox (9.62216pt too wide) in paragraph at lines 3--8
\JY1/mc/m/n/10 に
 []


Overfull \hbox (9.62216pt too wide) in paragraph at lines 3--8
\JY1/mc/m/n/10 付
 []


Overfull \hbox (9.62216pt too wide) in paragraph at lines 3--8
\JY1/mc/m/n/10 与
 []


Overfull \hbox (9.62216pt too wide) in paragraph at lines 3--8
\JY1/mc/m/n/10 さ
 []


Overfull \hbox (9.62216pt too wide) in paragraph at lines 3--8
\JY1/mc/m/n/10 れ
 []


Overfull \hbox (9.62216pt too wide) in paragraph at lines 3--8
\JY1/mc/m/n/10 て
 []


Overfull \hbox (9.62216pt too wide) in paragraph at lines 3--8
\JY1/mc/m/n/10 い
 []


Overfull \hbox (9.62216pt too wide) in paragraph at lines 3--8
\JY1/mc/m/n/10 る
 []


Overfull \hbox (9.62216pt too wide) in paragraph at lines 3--8
\JY1/mc/m/n/10 キ
 []


Overfull \hbox (7.47433pt too wide) in paragraph at lines 3--8
\JY1/mc/m/n/10 ャ
 []


Overfull \hbox (9.62216pt too wide) in paragraph at lines 3--8
\JY1/mc/m/n/10 プ
 []


Overfull \hbox (9.62216pt too wide) in paragraph at lines 3--8
\JY1/mc/m/n/10 シ
 []


Overfull \hbox (7.47433pt too wide) in paragraph at lines 3--8
\JY1/mc/m/n/10 ョ
 []


Overfull \hbox (9.62216pt too wide) in paragraph at lines 3--8
\JY1/mc/m/n/10 ン
 []


Overfull \hbox (9.62216pt too wide) in paragraph at lines 3--8
\JY1/mc/m/n/10 か
 []


Overfull \hbox (9.62216pt too wide) in paragraph at lines 3--8
\JY1/mc/m/n/10 ら
 []


Overfull \hbox (9.62216pt too wide) in paragraph at lines 3--8
\JY1/mc/m/n/10 抽
 []


Overfull \hbox (14.1623pt too wide) in paragraph at lines 3--8
\JY1/mc/m/n/10 出 。
 []


Overfull \hbox (31.38895pt too wide) in paragraph at lines 3--8
\OT1/cmr/m/n/10 MeCab
 []


Overfull \hbox (9.62216pt too wide) in paragraph at lines 3--8
\JY1/mc/m/n/10 に
 []


Overfull \hbox (9.62216pt too wide) in paragraph at lines 3--8
\JY1/mc/m/n/10 よ
 []


Overfull \hbox (9.62216pt too wide) in paragraph at lines 3--8
\JY1/mc/m/n/10 り
 []


Overfull \hbox (9.62216pt too wide) in paragraph at lines 3--8
\JY1/mc/m/n/10 形
 []


Overfull \hbox (9.62216pt too wide) in paragraph at lines 3--8
\JY1/mc/m/n/10 態
 []


Overfull \hbox (9.62216pt too wide) in paragraph at lines 3--8
\JY1/mc/m/n/10 素
 []


Overfull \hbox (9.62216pt too wide) in paragraph at lines 3--8
\JY1/mc/m/n/10 解
 []


Overfull \hbox (14.1623pt too wide) in paragraph at lines 3--8
\JY1/mc/m/n/10 析 。 
 []


Overfull \hbox (9.62216pt too wide) in paragraph at lines 3--8
\JY1/mc/m/n/10 抽
 []


Overfull \hbox (9.62216pt too wide) in paragraph at lines 3--8
\JY1/mc/m/n/10 出
 []


Overfull \hbox (9.62216pt too wide) in paragraph at lines 3--8
\JY1/mc/m/n/10 単
 []


Overfull \hbox (9.62216pt too wide) in paragraph at lines 3--8
\JY1/mc/m/n/10 語
 []


Overfull \hbox (9.62216pt too wide) in paragraph at lines 3--8
\JY1/mc/m/n/10 は 
 []


Overfull \hbox (9.62216pt too wide) in paragraph at lines 9--10
[]\JY1/mc/m/n/10 形
 []


Overfull \hbox (9.62216pt too wide) in paragraph at lines 9--10
\JY1/mc/m/n/10 容
 []


Overfull \hbox (9.62216pt too wide) in paragraph at lines 9--10
\JY1/mc/m/n/10 詞
 []


Overfull \hbox (13.51106pt too wide) in paragraph at lines 9--10
\OT1/cmr/m/n/10 (\JY1/mc/m/n/10 自
 []


Overfull \hbox (13.51106pt too wide) in paragraph at lines 9--10
\JY1/mc/m/n/10 立\OT1/cmr/m/n/10 )
 []


Overfull \hbox (9.62216pt too wide) in paragraph at lines 9--10
\JY1/mc/m/n/10 ＋
 []


Overfull \hbox (9.62216pt too wide) in paragraph at lines 9--10
\JY1/mc/m/n/10 名
 []


Overfull \hbox (9.62216pt too wide) in paragraph at lines 9--10
\JY1/mc/m/n/10 詞
 []


Overfull \hbox (13.51106pt too wide) in paragraph at lines 9--10
\OT1/cmr/m/n/10 (\JY1/mc/m/n/10 形
 []


Overfull \hbox (9.62216pt too wide) in paragraph at lines 9--10
\JY1/mc/m/n/10 容
 []


Overfull \hbox (9.62216pt too wide) in paragraph at lines 9--10
\JY1/mc/m/n/10 動
 []


Overfull \hbox (9.62216pt too wide) in paragraph at lines 9--10
\JY1/mc/m/n/10 詞
 []


Overfull \hbox (9.62216pt too wide) in paragraph at lines 9--10
\JY1/mc/m/n/10 語
 []


Overfull \hbox (13.51106pt too wide) in paragraph at lines 9--10
\JY1/mc/m/n/10 幹\OT1/cmr/m/n/10 ) 
 []


Overfull \hbox (9.62216pt too wide) in paragraph at lines 10--11
[]\JY1/mc/m/n/10 自
 []


Overfull \hbox (9.62216pt too wide) in paragraph at lines 10--11
\JY1/mc/m/n/10 立
 []


Overfull \hbox (9.62216pt too wide) in paragraph at lines 10--11
\JY1/mc/m/n/10 語 
 []


Overfull \hbox (9.62216pt too wide) in paragraph at lines 12--13
[]\JY1/mc/m/n/10 全
 []


Overfull \hbox (9.62216pt too wide) in paragraph at lines 12--13
\JY1/mc/m/n/10 て
 []


Overfull \hbox (9.62216pt too wide) in paragraph at lines 12--13
\JY1/mc/m/n/10 を
 []


Overfull \hbox (9.62216pt too wide) in paragraph at lines 12--13
\JY1/mc/m/n/10 終
 []


Overfull \hbox (9.62216pt too wide) in paragraph at lines 12--13
\JY1/mc/m/n/10 止
 []


Overfull \hbox (9.62216pt too wide) in paragraph at lines 12--13
\JY1/mc/m/n/10 形
 []


Overfull \hbox (9.62216pt too wide) in paragraph at lines 12--13
\JY1/mc/m/n/10 に
 []


Overfull \hbox (9.62216pt too wide) in paragraph at lines 12--13
\JY1/mc/m/n/10 し
 []


Overfull \hbox (9.62216pt too wide) in paragraph at lines 12--13
\JY1/mc/m/n/10 た
 []


Overfull \hbox (9.62216pt too wide) in paragraph at lines 12--13
\JY1/mc/m/n/10 後
 []


Overfull \hbox (9.62216pt too wide) in paragraph at lines 12--13
\JY1/mc/m/n/10 に
 []


Overfull \hbox (9.62216pt too wide) in paragraph at lines 12--13
\JY1/mc/m/n/10 読
 []


Overfull \hbox (9.62216pt too wide) in paragraph at lines 12--13
\JY1/mc/m/n/10 み
 []


Overfull \hbox (9.62216pt too wide) in paragraph at lines 12--13
\JY1/mc/m/n/10 に
 []


Overfull \hbox (9.62216pt too wide) in paragraph at lines 12--13
\JY1/mc/m/n/10 変
 []


Overfull \hbox (14.1623pt too wide) in paragraph at lines 12--13
\JY1/mc/m/n/10 換 。
 []


Overfull \hbox (9.62216pt too wide) in paragraph at lines 12--13
\JY1/mc/m/n/10 重
 []


Overfull \hbox (9.62216pt too wide) in paragraph at lines 12--13
\JY1/mc/m/n/10 複
 []


Overfull \hbox (9.62216pt too wide) in paragraph at lines 12--13
\JY1/mc/m/n/10 を
 []


Overfull \hbox (9.62216pt too wide) in paragraph at lines 12--13
\JY1/mc/m/n/10 削
 []


Overfull \hbox (14.1623pt too wide) in paragraph at lines 12--13
\JY1/mc/m/n/10 除 。 
 []

)
! Emergency stop.
<*> /home/halu/LaTeX/document/2-system_inoue.tex
                                                
*** (job aborted, no legal \end found)

 
Here is how much of TeX's memory you used:
 9 strings out of 493643
 179 string characters out of 6148756
 56874 words of memory out of 5000000
 3704 multiletter control sequences out of 15000+600000
 7511 words of font info for 31 fonts, out of 8000000 for 9000
 929 hyphenation exceptions out of 8191
 8i,1n,6p,95b,110s stack positions out of 5000i,500n,10000p,200000b,80000s
No pages of output.
